  AboutComponent.cpp
  VUMeter.cpp
\\Mac\Home\Desktop\Developing\Distortion\Source\VUMeterNeedle.h(30,61): warning C4244:  'argument': conversion from 'int' to 'float', possible loss of data (compiling source file ..\..\Source\VUMeter.cpp)
\\Mac\Home\Desktop\Developing\Distortion\Source\VUMeterNeedle.h(30,47): warning C4244:  'argument': conversion from 'int' to 'float', possible loss of data (compiling source file ..\..\Source\VUMeter.cpp)
\\Mac\Home\Desktop\Developing\Distortion\Source\VUMeterNeedle.h(38,42): warning C4244:  '=': conversion from 'double' to 'float', possible loss of data (compiling source file ..\..\Source\VUMeter.cpp)
\\Mac\Home\Desktop\Developing\Distortion\Source\VUMeterNeedle.h(39,23): warning C4244:  'initializing': conversion from 'double' to 'float', possible loss of data (compiling source file ..\..\Source\VUMeter.cpp)
\\Mac\Home\Desktop\Developing\Distortion\Source\VUMeterNeedle.h(40,64): warning C4244:  '=': conversion from 'double' to 'float', possible loss of data (compiling source file ..\..\Source\VUMeter.cpp)
\\Mac\Home\Desktop\Developing\Distortion\Source\VUMeterNeedle.h(41,55): warning C4244:  '=': conversion from 'double' to 'float', possible loss of data (compiling source file ..\..\Source\VUMeter.cpp)
\\Mac\Home\Desktop\Developing\Distortion\Source\VUMeter.h(28,46): warning C4305:  'initializing': truncation from 'double' to 'const float' (compiling source file ..\..\Source\VUMeter.cpp)
\\Mac\Home\Desktop\Developing\Distortion\Source\VUMeter.cpp(17,36): warning C4244:  'argument': conversion from 'float' to 'int', possible loss of data
  VUMeterBackground.cpp
  PluginProcessor.cpp
\\Mac\Home\Desktop\Developing\Distortion\Source\VUMeter.cpp(35,64): warning C4244:  'argument': conversion from 'double' to 'float', possible loss of data
\\Mac\Home\Desktop\Developing\Distortion\Source\VUMeterNeedle.h(30,61): warning C4244:  'argument': conversion from 'int' to 'float', possible loss of data (compiling source file ..\..\Source\PluginProcessor.cpp)
\\Mac\Home\Desktop\Developing\Distortion\Source\VUMeterNeedle.h(30,47): warning C4244:  'argument': conversion from 'int' to 'float', possible loss of data (compiling source file ..\..\Source\PluginProcessor.cpp)
\\Mac\Home\Desktop\Developing\Distortion\Source\VUMeterNeedle.h(38,42): warning C4244:  '=': conversion from 'double' to 'float', possible loss of data (compiling source file ..\..\Source\PluginProcessor.cpp)
\\Mac\Home\Desktop\Developing\Distortion\Source\VUMeterNeedle.h(39,23): warning C4244:  'initializing': conversion from 'double' to 'float', possible loss of data (compiling source file ..\..\Source\PluginProcessor.cpp)
\\Mac\Home\Desktop\Developing\Distortion\Source\VUMeterNeedle.h(40,64): warning C4244:  '=': conversion from 'double' to 'float', possible loss of data (compiling source file ..\..\Source\PluginProcessor.cpp)
\\Mac\Home\Desktop\Developing\Distortion\Source\VUMeterNeedle.h(41,55): warning C4244:  '=': conversion from 'double' to 'float', possible loss of data (compiling source file ..\..\Source\PluginProcessor.cpp)
\\Mac\Home\Desktop\Developing\Distortion\Source\VUMeter.h(28,46): warning C4305:  'initializing': truncation from 'double' to 'const float' (compiling source file ..\..\Source\PluginProcessor.cpp)
\\Mac\Home\Desktop\Developing\Distortion\Source\PluginEditor.h(57,4): warning C4244:  'argument': conversion from 'float' to 'int', possible loss of data (compiling source file ..\..\Source\PluginProcessor.cpp)
\\Mac\Home\Desktop\Developing\Distortion\Source\PluginEditor.h(29,45): warning C4100:  'rotaryEndAngle': unreferenced formal parameter (compiling source file ..\..\Source\PluginProcessor.cpp)
\\Mac\Home\Desktop\Developing\Distortion\Source\PluginEditor.h(29,15): warning C4100:  'rotaryStartAngle': unreferenced formal parameter (compiling source file ..\..\Source\PluginProcessor.cpp)
\\Mac\Home\Desktop\Developing\Distortion\Source\PluginEditor.h(28,80): warning C4100:  'sliderPos': unreferenced formal parameter (compiling source file ..\..\Source\PluginProcessor.cpp)
\\Mac\Home\Desktop\Developing\Distortion\Source\PluginProcessor.cpp(109,55): warning C4100:  'index': unreferenced formal parameter
\\Mac\Home\Desktop\Developing\Distortion\Source\PluginProcessor.cpp(111,60): warning C4100:  'index': unreferenced formal parameter
\\Mac\Home\Desktop\Developing\Distortion\Source\PluginProcessor.cpp(113,76): warning C4100:  'newName': unreferenced formal parameter
\\Mac\Home\Desktop\Developing\Distortion\Source\PluginProcessor.cpp(113,55): warning C4100:  'index': unreferenced formal parameter
\\Mac\Home\Desktop\Developing\Distortion\Source\PluginProcessor.cpp(117,54): warning C4458:  declaration of 'sampleRate' hides class member
\\Mac\Home\Desktop\Developing\Distortion\Source\PluginProcessor.h(106,12): message :  see declaration of 'DistortionAudioProcessor::sampleRate' (compiling source file ..\..\Source\PluginProcessor.cpp)
\\Mac\Home\Desktop\Developing\Distortion\Source\PluginProcessor.cpp(120,22): warning C4244:  '=': conversion from 'double' to 'float', possible loss of data
\\Mac\Home\Desktop\Developing\Distortion\Source\PluginProcessor.cpp(164,86): warning C4100:  'midiMessages': unreferenced formal parameter
\\Mac\Home\Desktop\Developing\Distortion\Source\PluginProcessor.cpp(221,50): warning C4244:  'argument': conversion from 'int' to 'float', possible loss of data
\\Mac\Home\Desktop\Developing\Distortion\Source\PluginProcessor.cpp(221,35): warning C4244:  'argument': conversion from 'ValueType' to 'float', possible loss of data
\\Mac\Home\Desktop\Developing\Distortion\Source\PluginProcessor.cpp(221,35): warning C4244:         with
\\Mac\Home\Desktop\Developing\Distortion\Source\PluginProcessor.cpp(221,35): warning C4244:         [
\\Mac\Home\Desktop\Developing\Distortion\Source\PluginProcessor.cpp(221,35): warning C4244:             ValueType=int
\\Mac\Home\Desktop\Developing\Distortion\Source\PluginProcessor.cpp(221,35): warning C4244:         ]
\\Mac\Home\Desktop\Developing\Distortion\Source\PluginProcessor.cpp(226,30): warning C4244:  'argument': conversion from 'int' to 'float', possible loss of data
\\Mac\Home\Desktop\Developing\Distortion\Source\PluginProcessor.cpp(225,30): warning C4244:  'argument': conversion from 'int' to 'float', possible loss of data
\\Mac\Home\Desktop\Developing\Distortion\Source\Analyser.h(103,58): warning C4244:  'argument': conversion from 'int' to 'float', possible loss of data (compiling source file ..\..\Source\PluginProcessor.cpp)
\\Mac\Home\Desktop\Developing\Distortion\Source\Analyser.h(93): message :  while compiling class template member function 'void Analyser<float>::createPath(juce::Path &,const juce::Rectangle<float>,float)' (compiling source file ..\..\Source\PluginProcessor.cpp)
\\Mac\Home\Desktop\Developing\Distortion\Source\PluginProcessor.cpp(233): message :  see reference to function template instantiation 'void Analyser<float>::createPath(juce::Path &,const juce::Rectangle<float>,float)' being compiled
\\Mac\Home\Desktop\Developing\Distortion\Source\PluginProcessor.h(108): message :  see reference to class template instantiation 'Analyser<float>' being compiled (compiling source file ..\..\Source\PluginProcessor.cpp)
C:\Program Files (x86)\Microsoft Visual Studio\2019\Community\VC\Tools\MSVC\14.21.27702\include\memory(2042,56): warning C4244:  'argument': conversion from '_Ty' to 'float', possible loss of data
C:\Program Files (x86)\Microsoft Visual Studio\2019\Community\VC\Tools\MSVC\14.21.27702\include\memory(2042,56): warning C4244:         with
C:\Program Files (x86)\Microsoft Visual Studio\2019\Community\VC\Tools\MSVC\14.21.27702\include\memory(2042,56): warning C4244:         [
C:\Program Files (x86)\Microsoft Visual Studio\2019\Community\VC\Tools\MSVC\14.21.27702\include\memory(2042,56): warning C4244:             _Ty=double
C:\Program Files (x86)\Microsoft Visual Studio\2019\Community\VC\Tools\MSVC\14.21.27702\include\memory(2042,56): warning C4244:         ] (compiling source file ..\..\Source\PluginProcessor.cpp)
  PluginEditor.cpp
  BinaryData.cpp
\\Mac\Home\Desktop\Developing\Distortion\Source\PluginProcessor.cpp(56): message :  see reference to function template instantiation 'std::unique_ptr<juce::AudioParameterFloat,std::default_delete<_Ty>> std::make_unique<juce::AudioParameterFloat,juce::String&,juce::String,float,double,double,0>(juce::String &,juce::String &&,float &&,double &&,double &&)' being compiled
\\Mac\Home\Desktop\Developing\Distortion\Source\PluginProcessor.cpp(56): message :         with
\\Mac\Home\Desktop\Developing\Distortion\Source\PluginProcessor.cpp(56): message :         [
\\Mac\Home\Desktop\Developing\Distortion\Source\PluginProcessor.cpp(56): message :             _Ty=juce::AudioParameterFloat
\\Mac\Home\Desktop\Developing\Distortion\Source\PluginProcessor.cpp(56): message :         ]
\\Mac\Home\Desktop\Developing\Distortion\Source\VUMeterNeedle.h(30,61): warning C4244:  'argument': conversion from 'int' to 'float', possible loss of data (compiling source file ..\..\Source\PluginEditor.cpp)
\\Mac\Home\Desktop\Developing\Distortion\Source\VUMeterNeedle.h(30,47): warning C4244:  'argument': conversion from 'int' to 'float', possible loss of data (compiling source file ..\..\Source\PluginEditor.cpp)
\\Mac\Home\Desktop\Developing\Distortion\Source\VUMeterNeedle.h(38,42): warning C4244:  '=': conversion from 'double' to 'float', possible loss of data (compiling source file ..\..\Source\PluginEditor.cpp)
\\Mac\Home\Desktop\Developing\Distortion\Source\VUMeterNeedle.h(39,23): warning C4244:  'initializing': conversion from 'double' to 'float', possible loss of data (compiling source file ..\..\Source\PluginEditor.cpp)
\\Mac\Home\Desktop\Developing\Distortion\Source\VUMeterNeedle.h(40,64): warning C4244:  '=': conversion from 'double' to 'float', possible loss of data (compiling source file ..\..\Source\PluginEditor.cpp)
\\Mac\Home\Desktop\Developing\Distortion\Source\VUMeterNeedle.h(41,55): warning C4244:  '=': conversion from 'double' to 'float', possible loss of data (compiling source file ..\..\Source\PluginEditor.cpp)
\\Mac\Home\Desktop\Developing\Distortion\Source\VUMeter.h(28,46): warning C4305:  'initializing': truncation from 'double' to 'const float' (compiling source file ..\..\Source\PluginEditor.cpp)
\\Mac\Home\Desktop\Developing\Distortion\Source\PluginEditor.h(57,4): warning C4244:  'argument': conversion from 'float' to 'int', possible loss of data (compiling source file ..\..\Source\PluginEditor.cpp)
\\Mac\Home\Desktop\Developing\Distortion\Source\PluginEditor.h(29,45): warning C4100:  'rotaryEndAngle': unreferenced formal parameter (compiling source file ..\..\Source\PluginEditor.cpp)
\\Mac\Home\Desktop\Developing\Distortion\Source\PluginEditor.h(29,15): warning C4100:  'rotaryStartAngle': unreferenced formal parameter (compiling source file ..\..\Source\PluginEditor.cpp)
\\Mac\Home\Desktop\Developing\Distortion\Source\PluginEditor.h(28,80): warning C4100:  'sliderPos': unreferenced formal parameter (compiling source file ..\..\Source\PluginEditor.cpp)
\\Mac\Home\Desktop\Developing\Distortion\Source\PluginEditor.cpp(145,18): warning C4456:  declaration of 'x' hides previous local declaration
\\Mac\Home\Desktop\Developing\Distortion\Source\PluginEditor.cpp(127,9): message :  see declaration of 'x'
\\Mac\Home\Desktop\Developing\Distortion\Source\PluginEditor.cpp(146,93): warning C4244:  'argument': conversion from 'ValueType' to 'float', possible loss of data
\\Mac\Home\Desktop\Developing\Distortion\Source\PluginEditor.cpp(146,93): warning C4244:         with
\\Mac\Home\Desktop\Developing\Distortion\Source\PluginEditor.cpp(146,93): warning C4244:         [
\\Mac\Home\Desktop\Developing\Distortion\Source\PluginEditor.cpp(146,93): warning C4244:             ValueType=int
\\Mac\Home\Desktop\Developing\Distortion\Source\PluginEditor.cpp(146,93): warning C4244:         ]
\\Mac\Home\Desktop\Developing\Distortion\Source\PluginEditor.cpp(146,70): warning C4244:  'argument': conversion from 'ValueType' to 'float', possible loss of data
\\Mac\Home\Desktop\Developing\Distortion\Source\PluginEditor.cpp(146,70): warning C4244:         with
\\Mac\Home\Desktop\Developing\Distortion\Source\PluginEditor.cpp(146,70): warning C4244:         [
\\Mac\Home\Desktop\Developing\Distortion\Source\PluginEditor.cpp(146,70): warning C4244:             ValueType=int
\\Mac\Home\Desktop\Developing\Distortion\Source\PluginEditor.cpp(146,70): warning C4244:         ]
\\Mac\Home\Desktop\Developing\Distortion\Source\PluginEditor.cpp(157,125): warning C4244:  'argument': conversion from 'ValueType' to 'float', possible loss of data
\\Mac\Home\Desktop\Developing\Distortion\Source\PluginEditor.cpp(157,125): warning C4244:         with
\\Mac\Home\Desktop\Developing\Distortion\Source\PluginEditor.cpp(157,125): warning C4244:         [
\\Mac\Home\Desktop\Developing\Distortion\Source\PluginEditor.cpp(157,125): warning C4244:             ValueType=int
\\Mac\Home\Desktop\Developing\Distortion\Source\PluginEditor.cpp(157,125): warning C4244:         ]
\\Mac\Home\Desktop\Developing\Distortion\Source\PluginEditor.cpp(157,103): warning C4244:  'argument': conversion from 'ValueType' to 'float', possible loss of data
\\Mac\Home\Desktop\Developing\Distortion\Source\PluginEditor.cpp(157,103): warning C4244:         with
\\Mac\Home\Desktop\Developing\Distortion\Source\PluginEditor.cpp(157,103): warning C4244:         [
\\Mac\Home\Desktop\Developing\Distortion\Source\PluginEditor.cpp(157,103): warning C4244:             ValueType=int
\\Mac\Home\Desktop\Developing\Distortion\Source\PluginEditor.cpp(157,103): warning C4244:         ]
\\Mac\Home\Desktop\Developing\Distortion\Source\PluginEditor.cpp(158,125): warning C4244:  'argument': conversion from 'ValueType' to 'float', possible loss of data
\\Mac\Home\Desktop\Developing\Distortion\Source\PluginEditor.cpp(158,125): warning C4244:         with
\\Mac\Home\Desktop\Developing\Distortion\Source\PluginEditor.cpp(158,125): warning C4244:         [
\\Mac\Home\Desktop\Developing\Distortion\Source\PluginEditor.cpp(158,125): warning C4244:             ValueType=int
\\Mac\Home\Desktop\Developing\Distortion\Source\PluginEditor.cpp(158,125): warning C4244:         ]
  BinaryData2.cpp
  include_juce_audio_basics.cpp
  include_juce_audio_devices.cpp
  include_juce_audio_formats.cpp
  include_juce_audio_plugin_client_utils.cpp
  include_juce_audio_processors.cpp
  include_juce_audio_utils.cpp
  include_juce_core.cpp
  include_juce_cryptography.cpp
  include_juce_data_structures.cpp
  include_juce_dsp.cpp
  include_juce_events.cpp
  include_juce_graphics.cpp
  include_juce_gui_basics.cpp
  include_juce_gui_extra.cpp
  include_juce_opengl.cpp
  include_juce_video.cpp
\\Mac\Home\Desktop\Developing\Distortion\Source\PluginEditor.cpp(158,103): warning C4244:  'argument': conversion from 'ValueType' to 'float', possible loss of data
\\Mac\Home\Desktop\Developing\Distortion\Source\PluginEditor.cpp(158,103): warning C4244:         with
\\Mac\Home\Desktop\Developing\Distortion\Source\PluginEditor.cpp(158,103): warning C4244:         [
\\Mac\Home\Desktop\Developing\Distortion\Source\PluginEditor.cpp(158,103): warning C4244:             ValueType=int
\\Mac\Home\Desktop\Developing\Distortion\Source\PluginEditor.cpp(158,103): warning C4244:         ]
  Distortion_SharedCode.vcxproj -> \\Mac\Home\Desktop\Developing\Distortion\Builds\VisualStudio2019\x64\Debug\Shared Code\Distortion.lib
