\\mac\home\desktop\stereowidener\builds\visualstudio2019\x64\debug\shared code\aboutcomponent.obj
\\mac\home\desktop\stereowidener\builds\visualstudio2019\x64\debug\shared code\pluginprocessor.obj
\\mac\home\desktop\stereowidener\builds\visualstudio2019\x64\debug\shared code\binarydata.obj
\\mac\home\desktop\stereowidener\builds\visualstudio2019\x64\debug\shared code\include_juce_audio_basics.obj
\\mac\home\desktop\stereowidener\builds\visualstudio2019\x64\debug\shared code\include_juce_audio_formats.obj
\\mac\home\desktop\stereowidener\builds\visualstudio2019\x64\debug\shared code\include_juce_audio_processors.obj
\\mac\home\desktop\stereowidener\builds\visualstudio2019\x64\debug\shared code\include_juce_cryptography.obj
\\mac\home\desktop\stereowidener\builds\visualstudio2019\x64\debug\shared code\include_juce_data_structures.obj
\\mac\home\desktop\stereowidener\builds\visualstudio2019\x64\debug\shared code\include_juce_events.obj
\\mac\home\desktop\stereowidener\builds\visualstudio2019\x64\debug\shared code\include_juce_gui_basics.obj
\\mac\home\desktop\stereowidener\builds\visualstudio2019\x64\debug\shared code\include_juce_video.obj
\\mac\home\desktop\stereowidener\builds\visualstudio2019\x64\debug\shared code\vumeter.obj
\\mac\home\desktop\stereowidener\builds\visualstudio2019\x64\debug\shared code\vumeterbackground.obj
\\mac\home\desktop\stereowidener\builds\visualstudio2019\x64\debug\shared code\plugineditor.obj
\\mac\home\desktop\stereowidener\builds\visualstudio2019\x64\debug\shared code\include_juce_audio_devices.obj
\\mac\home\desktop\stereowidener\builds\visualstudio2019\x64\debug\shared code\include_juce_audio_plugin_client_utils.obj
\\mac\home\desktop\stereowidener\builds\visualstudio2019\x64\debug\shared code\include_juce_audio_utils.obj
\\mac\home\desktop\stereowidener\builds\visualstudio2019\x64\debug\shared code\include_juce_core.obj
\\mac\home\desktop\stereowidener\builds\visualstudio2019\x64\debug\shared code\include_juce_graphics.obj
\\mac\home\desktop\stereowidener\builds\visualstudio2019\x64\debug\shared code\include_juce_gui_extra.obj
\\mac\home\desktop\stereowidener\builds\visualstudio2019\x64\debug\shared code\include_juce_opengl.obj
\\mac\home\desktop\stereowidener\builds\visualstudio2019\x64\debug\shared code\stereowidener_sharedcode.pdb
\\mac\home\desktop\stereowidener\builds\visualstudio2019\x64\debug\shared code\stereowidener.lib
\\mac\home\desktop\stereowidener\builds\visualstudio2019\x64\debug\shared code\stereowi.899eb161.tlog\cl.2820.write.1.tlog
\\mac\home\desktop\stereowidener\builds\visualstudio2019\x64\debug\shared code\stereowi.899eb161.tlog\cl.command.1.tlog
\\mac\home\desktop\stereowidener\builds\visualstudio2019\x64\debug\shared code\stereowi.899eb161.tlog\cl.read.1.tlog
\\mac\home\desktop\stereowidener\builds\visualstudio2019\x64\debug\shared code\stereowi.899eb161.tlog\lib-link.read.1.tlog
\\mac\home\desktop\stereowidener\builds\visualstudio2019\x64\debug\shared code\stereowi.899eb161.tlog\lib-link.write.1.tlog
\\mac\home\desktop\stereowidener\builds\visualstudio2019\x64\debug\shared code\stereowi.899eb161.tlog\lib.command.1.tlog
