  AboutComponent.cpp
  VUMeter.cpp
\\Mac\Home\Desktop\StereoWidener\Source\VUMeterNeedle.h(30,61): warning C4244:  'argument': conversion from 'int' to 'float', possible loss of data (compiling source file ..\..\Source\VUMeter.cpp)
\\Mac\Home\Desktop\StereoWidener\Source\VUMeterNeedle.h(30,47): warning C4244:  'argument': conversion from 'int' to 'float', possible loss of data (compiling source file ..\..\Source\VUMeter.cpp)
\\Mac\Home\Desktop\StereoWidener\Source\VUMeter.h(27,46): warning C4305:  'initializing': truncation from 'double' to 'const float' (compiling source file ..\..\Source\VUMeter.cpp)
  VUMeterBackground.cpp
  PluginProcessor.cpp
\\Mac\Home\Desktop\StereoWidener\Source\VUMeter.cpp(16,36): warning C4244:  'argument': conversion from 'float' to 'int', possible loss of data
\\Mac\Home\Desktop\StereoWidener\Source\VUMeterNeedle.h(30,61): warning C4244:  'argument': conversion from 'int' to 'float', possible loss of data (compiling source file ..\..\Source\PluginProcessor.cpp)
\\Mac\Home\Desktop\StereoWidener\Source\VUMeterNeedle.h(30,47): warning C4244:  'argument': conversion from 'int' to 'float', possible loss of data (compiling source file ..\..\Source\PluginProcessor.cpp)
\\Mac\Home\Desktop\StereoWidener\Source\VUMeter.h(27,46): warning C4305:  'initializing': truncation from 'double' to 'const float' (compiling source file ..\..\Source\PluginProcessor.cpp)
  PluginEditor.cpp
  BinaryData.cpp
\\Mac\Home\Desktop\StereoWidener\Source\PluginEditor.h(59,4): warning C4244:  'argument': conversion from 'float' to 'int', possible loss of data (compiling source file ..\..\Source\PluginProcessor.cpp)
\\Mac\Home\Desktop\StereoWidener\Source\VUMeterNeedle.h(30,61): warning C4244:  'argument': conversion from 'int' to 'float', possible loss of data (compiling source file ..\..\Source\PluginEditor.cpp)
\\Mac\Home\Desktop\StereoWidener\Source\VUMeterNeedle.h(30,47): warning C4244:  'argument': conversion from 'int' to 'float', possible loss of data (compiling source file ..\..\Source\PluginEditor.cpp)
\\Mac\Home\Desktop\StereoWidener\Source\VUMeter.h(27,46): warning C4305:  'initializing': truncation from 'double' to 'const float' (compiling source file ..\..\Source\PluginEditor.cpp)
  include_juce_audio_basics.cpp
  include_juce_audio_devices.cpp
  include_juce_audio_formats.cpp
  include_juce_audio_plugin_client_utils.cpp
  include_juce_audio_processors.cpp
  include_juce_audio_utils.cpp
  include_juce_core.cpp
  include_juce_cryptography.cpp
  include_juce_data_structures.cpp
  include_juce_events.cpp
  include_juce_graphics.cpp
  include_juce_gui_basics.cpp
  include_juce_gui_extra.cpp
  include_juce_opengl.cpp
  include_juce_video.cpp
\\Mac\Home\Desktop\StereoWidener\Source\PluginEditor.h(59,4): warning C4244:  'argument': conversion from 'float' to 'int', possible loss of data (compiling source file ..\..\Source\PluginEditor.cpp)
  StereoWidener_SharedCode.vcxproj -> \\Mac\Home\Desktop\StereoWidener\Builds\VisualStudio2019\x64\Debug\Shared Code\StereoWidener.lib
